==> Concretized 1 spec
 -   nwdarro  fmt@12.1.0~ipo+pic~shared build_system=cmake build_type=Release cxxstd=11 dev_path=/scratch/general/vast/u6059911/spack/var/spack/environments/fmt_env/fmt generator=make platform=linux os=rocky8 target=skylake_avx512 %c,cxx=gcc@8.5.0
[+]  bhpvsgg      ^cmake@3.31.11~doc+ncurses+ownlibs~qtgui build_system=generic build_type=Release platform=linux os=rocky8 target=skylake_avx512 %c,cxx=gcc@8.5.0
[+]  tbbhe4v          ^curl@8.18.0~gssapi~ldap~libidn2~librtmp~libssh~libssh2+nghttp2 build_system=autotools libs:=shared,static tls:=openssl platform=linux os=rocky8 target=skylake_avx512 %c,cxx=gcc@8.5.0
[+]  xkkd5mo              ^nghttp2@1.67.1 build_system=autotools platform=linux os=rocky8 target=skylake_avx512 %c,cxx=gcc@8.5.0
[+]  4375kp7                  ^diffutils@3.12 build_system=autotools platform=linux os=rocky8 target=skylake_avx512 %c=gcc@8.5.0
[+]  vk7735v                      ^libiconv@1.18 build_system=autotools libs:=shared,static platform=linux os=rocky8 target=skylake_avx512 %c=gcc@8.5.0
[+]  kfnmztp              ^openssl@3.6.1~docs+shared build_system=generic certs=mozilla platform=linux os=rocky8 target=skylake_avx512 %c,cxx=gcc@8.5.0
[+]  bapfsen                  ^ca-certificates-mozilla@2025-08-12 build_system=generic platform=linux os=rocky8 target=skylake_avx512 
[+]  5fb5exr                  ^perl@5.42.0+cpanm+opcode+open+shared+threads build_system=generic platform=linux os=rocky8 target=skylake_avx512 %c=gcc@8.5.0
[+]  4y6cbrf                      ^berkeley-db@18.1.40+cxx~docs+stl build_system=autotools patches:=26090f4,b231fcc platform=linux os=rocky8 target=skylake_avx512 %c,cxx=gcc@8.5.0
[+]  liyd5kv                      ^bzip2@1.0.8~debug~pic+shared build_system=generic platform=linux os=rocky8 target=skylake_avx512 %c=gcc@8.5.0
[+]  ui5mps7                      ^gdbm@1.26 build_system=autotools platform=linux os=rocky8 target=skylake_avx512 %c=gcc@8.5.0
[+]  d3ojejc                          ^readline@8.3 build_system=autotools patches:=21f0a03 platform=linux os=rocky8 target=skylake_avx512 %c=gcc@8.5.0
[+]  fe4l3b3              ^pkgconf@2.5.1 build_system=autotools platform=linux os=rocky8 target=skylake_avx512 %c=gcc@8.5.0
[+]  4jvzbzy          ^ncurses@6.6~symlinks+termlib abi=none build_system=autotools patches:=7a351bc platform=linux os=rocky8 target=skylake_avx512 %c,cxx=gcc@8.5.0
[+]  5ydzxxi          ^zlib-ng@2.3.3+compat+new_strategies+opt+pic+shared build_system=autotools platform=linux os=rocky8 target=skylake_avx512 %c,cxx=gcc@8.5.0
[+]  7ixievn      ^compiler-wrapper@1.0 build_system=generic platform=linux os=rocky8 target=skylake_avx512 
[e]  nvz3nps      ^gcc@8.5.0+binutils+bootstrap~graphite+libsanitizer~nvptx~piclibs~profiled~strip build_system=autotools build_type=RelWithDebInfo languages:='c,c++,fortran' platform=linux os=rocky8 target=x86_64 
[+]  3auvped      ^gcc-runtime@8.5.0 build_system=generic platform=linux os=rocky8 target=skylake_avx512 
[e]  vuczjrb      ^glibc@2.28 build_system=autotools platform=linux os=rocky8 target=x86_64 
[+]  fwmpqge      ^gmake@4.4.1~guile build_system=generic platform=linux os=rocky8 target=skylake_avx512 %c=gcc@8.5.0

[+] /usr (external glibc-2.28-vuczjrbyzfif5nzgt5gqbrdrzaioihy6)
[+] /scratch/general/vast/u6059911/spack/opt/spack/linux-skylake_avx512/compiler-wrapper-1.0-7ixievny4roxtflayougfucpbfgq56f6
[+] /usr (external gcc-8.5.0-nvz3npss3zf3awapnzs3yimbotisgmvr)
[+] /scratch/general/vast/u6059911/spack/opt/spack/linux-skylake_avx512/gcc-runtime-8.5.0-3auvpedy3npd7xp43dr3dmvz3azmmpdf
[+] /scratch/general/vast/u6059911/spack/opt/spack/linux-skylake_avx512/nghttp2-1.67.1-xkkd5mo5uhifjon6jhcx3ls35skni5er
[+] /scratch/general/vast/u6059911/spack/opt/spack/linux-skylake_avx512/gmake-4.4.1-fwmpqge6ptk7dvn4fdufqpb67isvixe7
[+] /scratch/general/vast/u6059911/spack/opt/spack/linux-skylake_avx512/ncurses-6.6-4jvzbzy6vgqxl26a7we3nj3igumdzy7o
[+] /scratch/general/vast/u6059911/spack/opt/spack/linux-skylake_avx512/zlib-ng-2.3.3-5ydzxxipjtt2xwcj5smxwiyj2mszwfc3
[+] /scratch/general/vast/u6059911/spack/opt/spack/linux-skylake_avx512/openssl-3.6.1-kfnmztp6u4snh33q5xutc7wj4xve2gts
[+] /scratch/general/vast/u6059911/spack/opt/spack/linux-skylake_avx512/curl-8.18.0-tbbhe4v3rijk6klz2ep4y4ppcmldlyfc
[+] /scratch/general/vast/u6059911/spack/opt/spack/linux-skylake_avx512/cmake-3.31.11-bhpvsgg6cco2iknt6vbupqngrcfrowis
==> No binary for fmt-12.1.0-nwdarroqz7al36bwfriq5ljk5nvt7ttm found: installing from source
==> Installing fmt-12.1.0-nwdarroqz7al36bwfriq5ljk5nvt7ttm [12/12]
==> No patches needed for fmt
==> fmt: Executing phase: 'cmake'
==> fmt: Executing phase: 'build'
==> fmt: Executing phase: 'install'
==> fmt: Successfully installed fmt-12.1.0-nwdarroqz7al36bwfriq5ljk5nvt7ttm
  Stage: 0.01s.  Cmake: 3.17s.  Build: 7.44s.  Install: 2.32s.  Post-install: 0.89s.  Total: 16.50s
[+] /scratch/general/vast/u6059911/spack/opt/spack/linux-skylake_avx512/fmt-12.1.0-nwdarroqz7al36bwfriq5ljk5nvt7ttm
==> Updating view at /scratch/general/vast/u6059911/spack/var/spack/environments/fmt_env/.spack-env/view
